<?xml version="1.0" encoding="UTF-8"?>
<testng-results skipped="0" failed="0" ignored="0" total="1" passed="1">
  <reporter-output>
  </reporter-output>
  <suite name="Suite" duration-ms="16488" started-at="2018-05-04T02:34:31Z" finished-at="2018-05-04T02:34:47Z">
    <groups>
    </groups>
    <test name="NewTest" duration-ms="16488" started-at="2018-05-04T02:34:31Z" finished-at="2018-05-04T02:34:47Z">
      <class name="MyPackage.NewTest">
        <test-method status="PASS" signature="setUpBeforMethod()[pri:0, instance:MyPackage.NewTest@37271612]" name="setUpBeforMethod" is-config="true" duration-ms="5656" started-at="2018-05-03T19:34:31Z" finished-at="2018-05-03T19:34:36Z">
          <reporter-output>
          </reporter-output>
        </test-method> <!-- setUpBeforMethod -->
        <test-method status="PASS" signature="Test()[pri:0, instance:MyPackage.NewTest@37271612]" name="Test" duration-ms="10819" started-at="2018-05-03T19:34:36Z" finished-at="2018-05-03T19:34:47Z">
          <reporter-output>
          </reporter-output>
        </test-method> <!-- Test -->
      </class> <!-- MyPackage.NewTest -->
    </test> <!-- NewTest -->
  </suite> <!-- Suite -->
</testng-results>
